<?xml version="1.0" encoding="UTF-8"?>
<testsuite xmlns:xsi="http://www.w3.org/2001/XMLSchema-instance" xsi:noNamespaceSchemaLocation="https://maven.apache.org/surefire/maven-surefire-plugin/xsd/surefire-test-report-3.0.xsd" version="3.0" name="tech.sgcor.hng.user.UserIntegrationTest" time="30.885" tests="6" errors="0" skipped="0" failures="0">
  <properties>
[...]
</properties>
  <testcase name="shouldGetOwnDetailsById" classname="tech.sgcor.hng.user.UserIntegrationTest" time="2.342">
    <system-out><![CDATA[2024-07-08T07:06:51.213+01:00  INFO 114288 --- [HNG-Stage-2] [           main] t.c.s.AnnotationConfigContextLoaderUtils : Could not detect default configuration classes for test class [tech.sgcor.hng.user.UserIntegrationTest]: UserIntegrationTest does not declare any static, non-private, non-final, nested classes annotated with @Configuration.
2024-07-08T07:06:51.431+01:00  INFO 114288 --- [HNG-Stage-2] [           main] .b.t.c.SpringBootTestContextBootstrapper : Found @SpringBootConfiguration tech.sgcor.hng.HngStage2Application for test class tech.sgcor.hng.user.UserIntegrationTest

  .   ____          _            __ _ _
 /\\ / ___'_ __ _ _(_)_ __  __ _ \ \ \ \
( ( )\___ | '_ | '_| | '_ \/ _` | \ \ \ \
 \\/  ___)| |_)| | | | | || (_| |  ) ) ) )
  '  |____| .__|_| |_|_| |_\__, | / / / /
 =========|_|==============|___/=/_/_/_/

 :: Spring Boot ::                (v3.3.1)

2024-07-08T07:06:52.436+01:00  INFO 114288 --- [HNG-Stage-2] [           main] t.sgcor.hng.user.UserIntegrationTest     : Starting UserIntegrationTest using Java 20.0.2 with PID 114288 (started by seguser in /home/seguser/Lurldgbodex/HNG/web/backend/HNG-Stage-2)
2024-07-08T07:06:52.436+01:00  INFO 114288 --- [HNG-Stage-2] [           main] t.sgcor.hng.user.UserIntegrationTest     : No active profile set, falling back to 1 default profile: "default"
2024-07-08T07:06:56.613+01:00  INFO 114288 --- [HNG-Stage-2] [           main] .s.d.r.c.RepositoryConfigurationDelegate : Bootstrapping Spring Data JPA repositories in DEFAULT mode.
2024-07-08T07:06:56.885+01:00  INFO 114288 --- [HNG-Stage-2] [           main] .s.d.r.c.RepositoryConfigurationDelegate : Finished Spring Data repository scanning in 270 ms. Found 2 JPA repository interfaces.
2024-07-08T07:06:57.375+01:00  INFO 114288 --- [HNG-Stage-2] [           main] beddedDataSourceBeanFactoryPostProcessor : Replacing 'dataSource' DataSource bean with embedded version
2024-07-08T07:06:58.848+01:00  INFO 114288 --- [HNG-Stage-2] [           main] o.s.b.w.embedded.tomcat.TomcatWebServer  : Tomcat initialized with port 0 (http)
2024-07-08T07:06:58.912+01:00  INFO 114288 --- [HNG-Stage-2] [           main] o.apache.catalina.core.StandardService   : Starting service [Tomcat]
2024-07-08T07:06:58.913+01:00  INFO 114288 --- [HNG-Stage-2] [           main] o.apache.catalina.core.StandardEngine    : Starting Servlet engine: [Apache Tomcat/10.1.25]
2024-07-08T07:06:59.064+01:00  INFO 114288 --- [HNG-Stage-2] [           main] o.a.c.c.C.[Tomcat].[localhost].[/]       : Initializing Spring embedded WebApplicationContext
2024-07-08T07:06:59.065+01:00  INFO 114288 --- [HNG-Stage-2] [           main] w.s.c.ServletWebServerApplicationContext : Root WebApplicationContext: initialization completed in 6622 ms
2024-07-08T07:06:59.253+01:00  INFO 114288 --- [HNG-Stage-2] [           main] o.s.j.d.e.EmbeddedDatabaseFactory        : Starting embedded database: url='jdbc:h2:mem:1dafd9e1-18c2-42c9-9479-f996bb7286c9;DB_CLOSE_DELAY=-1;DB_CLOSE_ON_EXIT=false', username='sa'
2024-07-08T07:06:59.416+01:00  INFO 114288 --- [HNG-Stage-2] [           main] o.hibernate.jpa.internal.util.LogHelper  : HHH000204: Processing PersistenceUnitInfo [name: default]
2024-07-08T07:06:59.460+01:00  INFO 114288 --- [HNG-Stage-2] [           main] o.h.c.internal.RegionFactoryInitiator    : HHH000026: Second-level cache disabled
2024-07-08T07:06:59.531+01:00  INFO 114288 --- [HNG-Stage-2] [           main] o.s.o.j.p.SpringPersistenceUnitInfo      : No LoadTimeWeaver setup: ignoring JPA class transformer
2024-07-08T07:07:00.049+01:00  INFO 114288 --- [HNG-Stage-2] [           main] o.h.e.t.j.p.i.JtaPlatformInitiator       : HHH000489: No JTA platform available (set 'hibernate.transaction.jta.platform' to enable JTA platform integration)
2024-07-08T07:07:00.099+01:00  INFO 114288 --- [HNG-Stage-2] [           main] j.LocalContainerEntityManagerFactoryBean : Initialized JPA EntityManagerFactory for persistence unit 'default'
2024-07-08T07:07:00.612+01:00  WARN 114288 --- [HNG-Stage-2] [           main] JpaBaseConfiguration$JpaWebConfiguration : spring.jpa.open-in-view is enabled by default. Therefore, database queries may be performed during view rendering. Explicitly configure spring.jpa.open-in-view to disable this warning
2024-07-08T07:07:00.646+01:00  INFO 114288 --- [HNG-Stage-2] [           main] eAuthenticationProviderManagerConfigurer : Global AuthenticationManager configured with AuthenticationProvider bean with name authProvider
2024-07-08T07:07:00.647+01:00  WARN 114288 --- [HNG-Stage-2] [           main] r$InitializeUserDetailsManagerConfigurer : Global AuthenticationManager configured with an AuthenticationProvider bean. UserDetailsService beans will not be used for username/password login. Consider removing the AuthenticationProvider bean. Alternatively, consider using the UserDetailsService in a manually instantiated DaoAuthenticationProvider.
2024-07-08T07:07:01.917+01:00  INFO 114288 --- [HNG-Stage-2] [           main] o.s.b.w.embedded.tomcat.TomcatWebServer  : Tomcat started on port 33387 (http) with context path '/'
2024-07-08T07:07:01.958+01:00  INFO 114288 --- [HNG-Stage-2] [           main] t.sgcor.hng.user.UserIntegrationTest     : Started UserIntegrationTest in 10.465 seconds (process running for 44.006)
2024-07-08T07:07:03.652+01:00  INFO 114288 --- [HNG-Stage-2] [o-auto-1-exec-1] o.a.c.c.C.[Tomcat].[localhost].[/]       : Initializing Spring DispatcherServlet 'dispatcherServlet'
2024-07-08T07:07:03.654+01:00  INFO 114288 --- [HNG-Stage-2] [o-auto-1-exec-1] o.s.web.servlet.DispatcherServlet        : Initializing Servlet 'dispatcherServlet'
2024-07-08T07:07:03.663+01:00  INFO 114288 --- [HNG-Stage-2] [o-auto-1-exec-1] o.s.web.servlet.DispatcherServlet        : Completed initialization in 7 ms
2024-07-08T07:07:04.298+01:00  INFO 114288 --- [HNG-Stage-2] [           main] j.LocalContainerEntityManagerFactoryBean : Closing JPA EntityManagerFactory for persistence unit 'default'
]]></system-out>
  </testcase>
  <testcase name="shouldNotRegisterUserWhenMissingFields" classname="tech.sgcor.hng.user.UserIntegrationTest" time="1.004">
    <system-out><![CDATA[
  .   ____          _            __ _ _
 /\\ / ___'_ __ _ _(_)_ __  __ _ \ \ \ \
( ( )\___ | '_ | '_| | '_ \/ _` | \ \ \ \
 \\/  ___)| |_)| | | | | || (_| |  ) ) ) )
  '  |____| .__|_| |_|_| |_\__, | / / / /
 =========|_|==============|___/=/_/_/_/

 :: Spring Boot ::                (v3.3.1)

2024-07-08T07:07:04.388+01:00  INFO 114288 --- [HNG-Stage-2] [           main] t.sgcor.hng.user.UserIntegrationTest     : Starting UserIntegrationTest using Java 20.0.2 with PID 114288 (started by seguser in /home/seguser/Lurldgbodex/HNG/web/backend/HNG-Stage-2)
2024-07-08T07:07:04.389+01:00  INFO 114288 --- [HNG-Stage-2] [           main] t.sgcor.hng.user.UserIntegrationTest     : No active profile set, falling back to 1 default profile: "default"
2024-07-08T07:07:05.144+01:00  INFO 114288 --- [HNG-Stage-2] [           main] .s.d.r.c.RepositoryConfigurationDelegate : Bootstrapping Spring Data JPA repositories in DEFAULT mode.
2024-07-08T07:07:05.167+01:00  INFO 114288 --- [HNG-Stage-2] [           main] .s.d.r.c.RepositoryConfigurationDelegate : Finished Spring Data repository scanning in 21 ms. Found 2 JPA repository interfaces.
2024-07-08T07:07:05.401+01:00  INFO 114288 --- [HNG-Stage-2] [           main] beddedDataSourceBeanFactoryPostProcessor : Replacing 'dataSource' DataSource bean with embedded version
2024-07-08T07:07:05.625+01:00  INFO 114288 --- [HNG-Stage-2] [           main] o.s.b.w.embedded.tomcat.TomcatWebServer  : Tomcat initialized with port 0 (http)
2024-07-08T07:07:05.631+01:00  INFO 114288 --- [HNG-Stage-2] [           main] o.apache.catalina.core.StandardService   : Starting service [Tomcat]
2024-07-08T07:07:05.633+01:00  INFO 114288 --- [HNG-Stage-2] [           main] o.apache.catalina.core.StandardEngine    : Starting Servlet engine: [Apache Tomcat/10.1.25]
2024-07-08T07:07:05.736+01:00  INFO 114288 --- [HNG-Stage-2] [           main] o.a.c.c.C.[Tomcat].[localhost].[/]       : Initializing Spring embedded WebApplicationContext
2024-07-08T07:07:05.737+01:00  INFO 114288 --- [HNG-Stage-2] [           main] w.s.c.ServletWebServerApplicationContext : Root WebApplicationContext: initialization completed in 1342 ms
2024-07-08T07:07:05.770+01:00  INFO 114288 --- [HNG-Stage-2] [           main] o.s.j.d.e.EmbeddedDatabaseFactory        : Starting embedded database: url='jdbc:h2:mem:7a046857-f9d1-4315-8653-3285c274be89;DB_CLOSE_DELAY=-1;DB_CLOSE_ON_EXIT=false', username='sa'
2024-07-08T07:07:05.857+01:00  INFO 114288 --- [HNG-Stage-2] [           main] o.hibernate.jpa.internal.util.LogHelper  : HHH000204: Processing PersistenceUnitInfo [name: default]
2024-07-08T07:07:05.862+01:00  INFO 114288 --- [HNG-Stage-2] [           main] o.h.c.internal.RegionFactoryInitiator    : HHH000026: Second-level cache disabled
2024-07-08T07:07:05.880+01:00  INFO 114288 --- [HNG-Stage-2] [           main] o.s.o.j.p.SpringPersistenceUnitInfo      : No LoadTimeWeaver setup: ignoring JPA class transformer
2024-07-08T07:07:06.252+01:00  INFO 114288 --- [HNG-Stage-2] [           main] o.h.e.t.j.p.i.JtaPlatformInitiator       : HHH000489: No JTA platform available (set 'hibernate.transaction.jta.platform' to enable JTA platform integration)
2024-07-08T07:07:06.315+01:00  INFO 114288 --- [HNG-Stage-2] [           main] j.LocalContainerEntityManagerFactoryBean : Initialized JPA EntityManagerFactory for persistence unit 'default'
2024-07-08T07:07:06.546+01:00  WARN 114288 --- [HNG-Stage-2] [           main] JpaBaseConfiguration$JpaWebConfiguration : spring.jpa.open-in-view is enabled by default. Therefore, database queries may be performed during view rendering. Explicitly configure spring.jpa.open-in-view to disable this warning
2024-07-08T07:07:06.568+01:00  INFO 114288 --- [HNG-Stage-2] [           main] eAuthenticationProviderManagerConfigurer : Global AuthenticationManager configured with AuthenticationProvider bean with name authProvider
2024-07-08T07:07:06.569+01:00  WARN 114288 --- [HNG-Stage-2] [           main] r$InitializeUserDetailsManagerConfigurer : Global AuthenticationManager configured with an AuthenticationProvider bean. UserDetailsService beans will not be used for username/password login. Consider removing the AuthenticationProvider bean. Alternatively, consider using the UserDetailsService in a manually instantiated DaoAuthenticationProvider.
2024-07-08T07:07:07.132+01:00  INFO 114288 --- [HNG-Stage-2] [           main] o.s.b.w.embedded.tomcat.TomcatWebServer  : Tomcat started on port 36071 (http) with context path '/'
2024-07-08T07:07:07.141+01:00  INFO 114288 --- [HNG-Stage-2] [           main] t.sgcor.hng.user.UserIntegrationTest     : Started UserIntegrationTest in 2.816 seconds (process running for 49.189)
2024-07-08T07:07:07.921+01:00  INFO 114288 --- [HNG-Stage-2] [o-auto-2-exec-1] o.a.c.c.C.[Tomcat].[localhost].[/]       : Initializing Spring DispatcherServlet 'dispatcherServlet'
2024-07-08T07:07:07.922+01:00  INFO 114288 --- [HNG-Stage-2] [o-auto-2-exec-1] o.s.web.servlet.DispatcherServlet        : Initializing Servlet 'dispatcherServlet'
2024-07-08T07:07:07.925+01:00  INFO 114288 --- [HNG-Stage-2] [o-auto-2-exec-1] o.s.web.servlet.DispatcherServlet        : Completed initialization in 3 ms
2024-07-08T07:07:08.149+01:00  INFO 114288 --- [HNG-Stage-2] [           main] j.LocalContainerEntityManagerFactoryBean : Closing JPA EntityManagerFactory for persistence unit 'default'
]]></system-out>
  </testcase>
  <testcase name="shouldNotRegisterWhenUserWithEmailExist" classname="tech.sgcor.hng.user.UserIntegrationTest" time="0.807">
    <system-out><![CDATA[
  .   ____          _            __ _ _
 /\\ / ___'_ __ _ _(_)_ __  __ _ \ \ \ \
( ( )\___ | '_ | '_| | '_ \/ _` | \ \ \ \
 \\/  ___)| |_)| | | | | || (_| |  ) ) ) )
  '  |____| .__|_| |_|_| |_\__, | / / / /
 =========|_|==============|___/=/_/_/_/

 :: Spring Boot ::                (v3.3.1)

2024-07-08T07:07:08.195+01:00  INFO 114288 --- [HNG-Stage-2] [           main] t.sgcor.hng.user.UserIntegrationTest     : Starting UserIntegrationTest using Java 20.0.2 with PID 114288 (started by seguser in /home/seguser/Lurldgbodex/HNG/web/backend/HNG-Stage-2)
2024-07-08T07:07:08.195+01:00  INFO 114288 --- [HNG-Stage-2] [           main] t.sgcor.hng.user.UserIntegrationTest     : No active profile set, falling back to 1 default profile: "default"
2024-07-08T07:07:08.594+01:00  INFO 114288 --- [HNG-Stage-2] [           main] .s.d.r.c.RepositoryConfigurationDelegate : Bootstrapping Spring Data JPA repositories in DEFAULT mode.
2024-07-08T07:07:08.616+01:00  INFO 114288 --- [HNG-Stage-2] [           main] .s.d.r.c.RepositoryConfigurationDelegate : Finished Spring Data repository scanning in 21 ms. Found 2 JPA repository interfaces.
2024-07-08T07:07:08.723+01:00  INFO 114288 --- [HNG-Stage-2] [           main] beddedDataSourceBeanFactoryPostProcessor : Replacing 'dataSource' DataSource bean with embedded version
2024-07-08T07:07:08.882+01:00  INFO 114288 --- [HNG-Stage-2] [           main] o.s.b.w.embedded.tomcat.TomcatWebServer  : Tomcat initialized with port 0 (http)
2024-07-08T07:07:08.884+01:00  INFO 114288 --- [HNG-Stage-2] [           main] o.apache.catalina.core.StandardService   : Starting service [Tomcat]
2024-07-08T07:07:08.885+01:00  INFO 114288 --- [HNG-Stage-2] [           main] o.apache.catalina.core.StandardEngine    : Starting Servlet engine: [Apache Tomcat/10.1.25]
2024-07-08T07:07:08.991+01:00  INFO 114288 --- [HNG-Stage-2] [           main] o.a.c.c.C.[Tomcat].[localhost].[/]       : Initializing Spring embedded WebApplicationContext
2024-07-08T07:07:08.992+01:00  INFO 114288 --- [HNG-Stage-2] [           main] w.s.c.ServletWebServerApplicationContext : Root WebApplicationContext: initialization completed in 794 ms
2024-07-08T07:07:09.106+01:00  INFO 114288 --- [HNG-Stage-2] [           main] o.s.j.d.e.EmbeddedDatabaseFactory        : Starting embedded database: url='jdbc:h2:mem:c4c5eef3-8fa1-4b43-8168-756e5f1c2b52;DB_CLOSE_DELAY=-1;DB_CLOSE_ON_EXIT=false', username='sa'
2024-07-08T07:07:09.205+01:00  INFO 114288 --- [HNG-Stage-2] [           main] o.hibernate.jpa.internal.util.LogHelper  : HHH000204: Processing PersistenceUnitInfo [name: default]
2024-07-08T07:07:09.212+01:00  INFO 114288 --- [HNG-Stage-2] [           main] o.h.c.internal.RegionFactoryInitiator    : HHH000026: Second-level cache disabled
2024-07-08T07:07:09.238+01:00  INFO 114288 --- [HNG-Stage-2] [           main] o.s.o.j.p.SpringPersistenceUnitInfo      : No LoadTimeWeaver setup: ignoring JPA class transformer
2024-07-08T07:07:09.443+01:00  INFO 114288 --- [HNG-Stage-2] [           main] o.h.e.t.j.p.i.JtaPlatformInitiator       : HHH000489: No JTA platform available (set 'hibernate.transaction.jta.platform' to enable JTA platform integration)
2024-07-08T07:07:09.460+01:00  INFO 114288 --- [HNG-Stage-2] [           main] j.LocalContainerEntityManagerFactoryBean : Initialized JPA EntityManagerFactory for persistence unit 'default'
2024-07-08T07:07:09.783+01:00  WARN 114288 --- [HNG-Stage-2] [           main] JpaBaseConfiguration$JpaWebConfiguration : spring.jpa.open-in-view is enabled by default. Therefore, database queries may be performed during view rendering. Explicitly configure spring.jpa.open-in-view to disable this warning
2024-07-08T07:07:09.824+01:00  INFO 114288 --- [HNG-Stage-2] [           main] eAuthenticationProviderManagerConfigurer : Global AuthenticationManager configured with AuthenticationProvider bean with name authProvider
2024-07-08T07:07:09.824+01:00  WARN 114288 --- [HNG-Stage-2] [           main] r$InitializeUserDetailsManagerConfigurer : Global AuthenticationManager configured with an AuthenticationProvider bean. UserDetailsService beans will not be used for username/password login. Consider removing the AuthenticationProvider bean. Alternatively, consider using the UserDetailsService in a manually instantiated DaoAuthenticationProvider.
2024-07-08T07:07:10.374+01:00  INFO 114288 --- [HNG-Stage-2] [           main] o.s.b.w.embedded.tomcat.TomcatWebServer  : Tomcat started on port 34649 (http) with context path '/'
2024-07-08T07:07:10.384+01:00  INFO 114288 --- [HNG-Stage-2] [           main] t.sgcor.hng.user.UserIntegrationTest     : Started UserIntegrationTest in 2.224 seconds (process running for 52.433)
2024-07-08T07:07:11.051+01:00  INFO 114288 --- [HNG-Stage-2] [o-auto-3-exec-1] o.a.c.c.C.[Tomcat].[localhost].[/]       : Initializing Spring DispatcherServlet 'dispatcherServlet'
2024-07-08T07:07:11.051+01:00  INFO 114288 --- [HNG-Stage-2] [o-auto-3-exec-1] o.s.web.servlet.DispatcherServlet        : Initializing Servlet 'dispatcherServlet'
2024-07-08T07:07:11.053+01:00  INFO 114288 --- [HNG-Stage-2] [o-auto-3-exec-1] o.s.web.servlet.DispatcherServlet        : Completed initialization in 2 ms
2024-07-08T07:07:11.195+01:00  INFO 114288 --- [HNG-Stage-2] [           main] j.LocalContainerEntityManagerFactoryBean : Closing JPA EntityManagerFactory for persistence unit 'default'
]]></system-out>
  </testcase>
  <testcase name="ShouldRegisterUserTest" classname="tech.sgcor.hng.user.UserIntegrationTest" time="1.161">
    <system-out><![CDATA[
  .   ____          _            __ _ _
 /\\ / ___'_ __ _ _(_)_ __  __ _ \ \ \ \
( ( )\___ | '_ | '_| | '_ \/ _` | \ \ \ \
 \\/  ___)| |_)| | | | | || (_| |  ) ) ) )
  '  |____| .__|_| |_|_| |_\__, | / / / /
 =========|_|==============|___/=/_/_/_/

 :: Spring Boot ::                (v3.3.1)

2024-07-08T07:07:11.285+01:00  INFO 114288 --- [HNG-Stage-2] [           main] t.sgcor.hng.user.UserIntegrationTest     : Starting UserIntegrationTest using Java 20.0.2 with PID 114288 (started by seguser in /home/seguser/Lurldgbodex/HNG/web/backend/HNG-Stage-2)
2024-07-08T07:07:11.285+01:00  INFO 114288 --- [HNG-Stage-2] [           main] t.sgcor.hng.user.UserIntegrationTest     : No active profile set, falling back to 1 default profile: "default"
2024-07-08T07:07:11.694+01:00  INFO 114288 --- [HNG-Stage-2] [           main] .s.d.r.c.RepositoryConfigurationDelegate : Bootstrapping Spring Data JPA repositories in DEFAULT mode.
2024-07-08T07:07:11.744+01:00  INFO 114288 --- [HNG-Stage-2] [           main] .s.d.r.c.RepositoryConfigurationDelegate : Finished Spring Data repository scanning in 49 ms. Found 2 JPA repository interfaces.
2024-07-08T07:07:11.823+01:00  INFO 114288 --- [HNG-Stage-2] [           main] beddedDataSourceBeanFactoryPostProcessor : Replacing 'dataSource' DataSource bean with embedded version
2024-07-08T07:07:11.993+01:00  INFO 114288 --- [HNG-Stage-2] [           main] o.s.b.w.embedded.tomcat.TomcatWebServer  : Tomcat initialized with port 0 (http)
2024-07-08T07:07:11.996+01:00  INFO 114288 --- [HNG-Stage-2] [           main] o.apache.catalina.core.StandardService   : Starting service [Tomcat]
2024-07-08T07:07:11.996+01:00  INFO 114288 --- [HNG-Stage-2] [           main] o.apache.catalina.core.StandardEngine    : Starting Servlet engine: [Apache Tomcat/10.1.25]
2024-07-08T07:07:12.084+01:00  INFO 114288 --- [HNG-Stage-2] [           main] o.a.c.c.C.[Tomcat].[localhost].[/]       : Initializing Spring embedded WebApplicationContext
2024-07-08T07:07:12.085+01:00  INFO 114288 --- [HNG-Stage-2] [           main] w.s.c.ServletWebServerApplicationContext : Root WebApplicationContext: initialization completed in 796 ms
2024-07-08T07:07:12.179+01:00  INFO 114288 --- [HNG-Stage-2] [           main] o.s.j.d.e.EmbeddedDatabaseFactory        : Starting embedded database: url='jdbc:h2:mem:c7387537-87e3-47f7-b2e2-18e1badd4e83;DB_CLOSE_DELAY=-1;DB_CLOSE_ON_EXIT=false', username='sa'
2024-07-08T07:07:12.272+01:00  INFO 114288 --- [HNG-Stage-2] [           main] o.hibernate.jpa.internal.util.LogHelper  : HHH000204: Processing PersistenceUnitInfo [name: default]
2024-07-08T07:07:12.278+01:00  INFO 114288 --- [HNG-Stage-2] [           main] o.h.c.internal.RegionFactoryInitiator    : HHH000026: Second-level cache disabled
2024-07-08T07:07:12.299+01:00  INFO 114288 --- [HNG-Stage-2] [           main] o.s.o.j.p.SpringPersistenceUnitInfo      : No LoadTimeWeaver setup: ignoring JPA class transformer
2024-07-08T07:07:12.641+01:00  INFO 114288 --- [HNG-Stage-2] [           main] o.h.e.t.j.p.i.JtaPlatformInitiator       : HHH000489: No JTA platform available (set 'hibernate.transaction.jta.platform' to enable JTA platform integration)
2024-07-08T07:07:12.658+01:00  INFO 114288 --- [HNG-Stage-2] [           main] j.LocalContainerEntityManagerFactoryBean : Initialized JPA EntityManagerFactory for persistence unit 'default'
2024-07-08T07:07:12.840+01:00  WARN 114288 --- [HNG-Stage-2] [           main] JpaBaseConfiguration$JpaWebConfiguration : spring.jpa.open-in-view is enabled by default. Therefore, database queries may be performed during view rendering. Explicitly configure spring.jpa.open-in-view to disable this warning
2024-07-08T07:07:12.850+01:00  INFO 114288 --- [HNG-Stage-2] [           main] eAuthenticationProviderManagerConfigurer : Global AuthenticationManager configured with AuthenticationProvider bean with name authProvider
2024-07-08T07:07:12.851+01:00  WARN 114288 --- [HNG-Stage-2] [           main] r$InitializeUserDetailsManagerConfigurer : Global AuthenticationManager configured with an AuthenticationProvider bean. UserDetailsService beans will not be used for username/password login. Consider removing the AuthenticationProvider bean. Alternatively, consider using the UserDetailsService in a manually instantiated DaoAuthenticationProvider.
2024-07-08T07:07:13.343+01:00  INFO 114288 --- [HNG-Stage-2] [           main] o.s.b.w.embedded.tomcat.TomcatWebServer  : Tomcat started on port 45323 (http) with context path '/'
2024-07-08T07:07:13.347+01:00  INFO 114288 --- [HNG-Stage-2] [           main] t.sgcor.hng.user.UserIntegrationTest     : Started UserIntegrationTest in 2.141 seconds (process running for 55.395)
2024-07-08T07:07:14.093+01:00  INFO 114288 --- [HNG-Stage-2] [o-auto-4-exec-1] o.a.c.c.C.[Tomcat].[localhost].[/]       : Initializing Spring DispatcherServlet 'dispatcherServlet'
2024-07-08T07:07:14.094+01:00  INFO 114288 --- [HNG-Stage-2] [o-auto-4-exec-1] o.s.web.servlet.DispatcherServlet        : Initializing Servlet 'dispatcherServlet'
2024-07-08T07:07:14.100+01:00  INFO 114288 --- [HNG-Stage-2] [o-auto-4-exec-1] o.s.web.servlet.DispatcherServlet        : Completed initialization in 5 ms
2024-07-08T07:07:14.381+01:00  INFO 114288 --- [HNG-Stage-2] [o-auto-4-exec-1] t.sgcor.hng.user.service.AuthService     : New User Id: 2
2024-07-08T07:07:14.505+01:00  INFO 114288 --- [HNG-Stage-2] [           main] j.LocalContainerEntityManagerFactoryBean : Closing JPA EntityManagerFactory for persistence unit 'default'
]]></system-out>
  </testcase>
  <testcase name="shouldAuthenticateUserTest" classname="tech.sgcor.hng.user.UserIntegrationTest" time="0.943">
    <system-out><![CDATA[
  .   ____          _            __ _ _
 /\\ / ___'_ __ _ _(_)_ __  __ _ \ \ \ \
( ( )\___ | '_ | '_| | '_ \/ _` | \ \ \ \
 \\/  ___)| |_)| | | | | || (_| |  ) ) ) )
  '  |____| .__|_| |_|_| |_\__, | / / / /
 =========|_|==============|___/=/_/_/_/

 :: Spring Boot ::                (v3.3.1)

2024-07-08T07:07:14.685+01:00  INFO 114288 --- [HNG-Stage-2] [           main] t.sgcor.hng.user.UserIntegrationTest     : Starting UserIntegrationTest using Java 20.0.2 with PID 114288 (started by seguser in /home/seguser/Lurldgbodex/HNG/web/backend/HNG-Stage-2)
2024-07-08T07:07:14.686+01:00  INFO 114288 --- [HNG-Stage-2] [           main] t.sgcor.hng.user.UserIntegrationTest     : No active profile set, falling back to 1 default profile: "default"
2024-07-08T07:07:15.314+01:00  INFO 114288 --- [HNG-Stage-2] [           main] .s.d.r.c.RepositoryConfigurationDelegate : Bootstrapping Spring Data JPA repositories in DEFAULT mode.
2024-07-08T07:07:15.333+01:00  INFO 114288 --- [HNG-Stage-2] [           main] .s.d.r.c.RepositoryConfigurationDelegate : Finished Spring Data repository scanning in 18 ms. Found 2 JPA repository interfaces.
2024-07-08T07:07:15.442+01:00  INFO 114288 --- [HNG-Stage-2] [           main] beddedDataSourceBeanFactoryPostProcessor : Replacing 'dataSource' DataSource bean with embedded version
2024-07-08T07:07:15.716+01:00  INFO 114288 --- [HNG-Stage-2] [           main] o.s.b.w.embedded.tomcat.TomcatWebServer  : Tomcat initialized with port 0 (http)
2024-07-08T07:07:15.718+01:00  INFO 114288 --- [HNG-Stage-2] [           main] o.apache.catalina.core.StandardService   : Starting service [Tomcat]
2024-07-08T07:07:15.718+01:00  INFO 114288 --- [HNG-Stage-2] [           main] o.apache.catalina.core.StandardEngine    : Starting Servlet engine: [Apache Tomcat/10.1.25]
2024-07-08T07:07:15.787+01:00  INFO 114288 --- [HNG-Stage-2] [           main] o.a.c.c.C.[Tomcat].[localhost].[/]       : Initializing Spring embedded WebApplicationContext
2024-07-08T07:07:15.787+01:00  INFO 114288 --- [HNG-Stage-2] [           main] w.s.c.ServletWebServerApplicationContext : Root WebApplicationContext: initialization completed in 1094 ms
2024-07-08T07:07:15.808+01:00  INFO 114288 --- [HNG-Stage-2] [           main] o.s.j.d.e.EmbeddedDatabaseFactory        : Starting embedded database: url='jdbc:h2:mem:b37cc4fc-faa9-44d3-9810-f33a13f8eb1d;DB_CLOSE_DELAY=-1;DB_CLOSE_ON_EXIT=false', username='sa'
2024-07-08T07:07:15.873+01:00  INFO 114288 --- [HNG-Stage-2] [           main] o.hibernate.jpa.internal.util.LogHelper  : HHH000204: Processing PersistenceUnitInfo [name: default]
2024-07-08T07:07:15.876+01:00  INFO 114288 --- [HNG-Stage-2] [           main] o.h.c.internal.RegionFactoryInitiator    : HHH000026: Second-level cache disabled
2024-07-08T07:07:15.891+01:00  INFO 114288 --- [HNG-Stage-2] [           main] o.s.o.j.p.SpringPersistenceUnitInfo      : No LoadTimeWeaver setup: ignoring JPA class transformer
2024-07-08T07:07:16.290+01:00  INFO 114288 --- [HNG-Stage-2] [           main] o.h.e.t.j.p.i.JtaPlatformInitiator       : HHH000489: No JTA platform available (set 'hibernate.transaction.jta.platform' to enable JTA platform integration)
2024-07-08T07:07:16.303+01:00  INFO 114288 --- [HNG-Stage-2] [           main] j.LocalContainerEntityManagerFactoryBean : Initialized JPA EntityManagerFactory for persistence unit 'default'
2024-07-08T07:07:16.481+01:00  WARN 114288 --- [HNG-Stage-2] [           main] JpaBaseConfiguration$JpaWebConfiguration : spring.jpa.open-in-view is enabled by default. Therefore, database queries may be performed during view rendering. Explicitly configure spring.jpa.open-in-view to disable this warning
2024-07-08T07:07:16.491+01:00  INFO 114288 --- [HNG-Stage-2] [           main] eAuthenticationProviderManagerConfigurer : Global AuthenticationManager configured with AuthenticationProvider bean with name authProvider
2024-07-08T07:07:16.491+01:00  WARN 114288 --- [HNG-Stage-2] [           main] r$InitializeUserDetailsManagerConfigurer : Global AuthenticationManager configured with an AuthenticationProvider bean. UserDetailsService beans will not be used for username/password login. Consider removing the AuthenticationProvider bean. Alternatively, consider using the UserDetailsService in a manually instantiated DaoAuthenticationProvider.
2024-07-08T07:07:17.038+01:00  INFO 114288 --- [HNG-Stage-2] [           main] o.s.b.w.embedded.tomcat.TomcatWebServer  : Tomcat started on port 46671 (http) with context path '/'
2024-07-08T07:07:17.054+01:00  INFO 114288 --- [HNG-Stage-2] [           main] t.sgcor.hng.user.UserIntegrationTest     : Started UserIntegrationTest in 2.533 seconds (process running for 59.102)
2024-07-08T07:07:17.673+01:00  INFO 114288 --- [HNG-Stage-2] [o-auto-5-exec-1] o.a.c.c.C.[Tomcat].[localhost].[/]       : Initializing Spring DispatcherServlet 'dispatcherServlet'
2024-07-08T07:07:17.674+01:00  INFO 114288 --- [HNG-Stage-2] [o-auto-5-exec-1] o.s.web.servlet.DispatcherServlet        : Initializing Servlet 'dispatcherServlet'
2024-07-08T07:07:17.675+01:00  INFO 114288 --- [HNG-Stage-2] [o-auto-5-exec-1] o.s.web.servlet.DispatcherServlet        : Completed initialization in 1 ms
2024-07-08T07:07:18.036+01:00  INFO 114288 --- [HNG-Stage-2] [           main] j.LocalContainerEntityManagerFactoryBean : Closing JPA EntityManagerFactory for persistence unit 'default'
]]></system-out>
  </testcase>
  <testcase name="shouldNotAuthenticateWhenMissingField" classname="tech.sgcor.hng.user.UserIntegrationTest" time="0.743">
    <system-out><![CDATA[
  .   ____          _            __ _ _
 /\\ / ___'_ __ _ _(_)_ __  __ _ \ \ \ \
( ( )\___ | '_ | '_| | '_ \/ _` | \ \ \ \
 \\/  ___)| |_)| | | | | || (_| |  ) ) ) )
  '  |____| .__|_| |_|_| |_\__, | / / / /
 =========|_|==============|___/=/_/_/_/

 :: Spring Boot ::                (v3.3.1)

2024-07-08T07:07:18.131+01:00  INFO 114288 --- [HNG-Stage-2] [           main] t.sgcor.hng.user.UserIntegrationTest     : Starting UserIntegrationTest using Java 20.0.2 with PID 114288 (started by seguser in /home/seguser/Lurldgbodex/HNG/web/backend/HNG-Stage-2)
2024-07-08T07:07:18.132+01:00  INFO 114288 --- [HNG-Stage-2] [           main] t.sgcor.hng.user.UserIntegrationTest     : No active profile set, falling back to 1 default profile: "default"
2024-07-08T07:07:19.014+01:00  INFO 114288 --- [HNG-Stage-2] [           main] .s.d.r.c.RepositoryConfigurationDelegate : Bootstrapping Spring Data JPA repositories in DEFAULT mode.
2024-07-08T07:07:19.073+01:00  INFO 114288 --- [HNG-Stage-2] [           main] .s.d.r.c.RepositoryConfigurationDelegate : Finished Spring Data repository scanning in 58 ms. Found 2 JPA repository interfaces.
2024-07-08T07:07:19.267+01:00  INFO 114288 --- [HNG-Stage-2] [           main] beddedDataSourceBeanFactoryPostProcessor : Replacing 'dataSource' DataSource bean with embedded version
2024-07-08T07:07:19.460+01:00  INFO 114288 --- [HNG-Stage-2] [           main] o.s.b.w.embedded.tomcat.TomcatWebServer  : Tomcat initialized with port 0 (http)
2024-07-08T07:07:19.462+01:00  INFO 114288 --- [HNG-Stage-2] [           main] o.apache.catalina.core.StandardService   : Starting service [Tomcat]
2024-07-08T07:07:19.462+01:00  INFO 114288 --- [HNG-Stage-2] [           main] o.apache.catalina.core.StandardEngine    : Starting Servlet engine: [Apache Tomcat/10.1.25]
2024-07-08T07:07:19.547+01:00  INFO 114288 --- [HNG-Stage-2] [           main] o.a.c.c.C.[Tomcat].[localhost].[/]       : Initializing Spring embedded WebApplicationContext
2024-07-08T07:07:19.547+01:00  INFO 114288 --- [HNG-Stage-2] [           main] w.s.c.ServletWebServerApplicationContext : Root WebApplicationContext: initialization completed in 1413 ms
2024-07-08T07:07:19.603+01:00  INFO 114288 --- [HNG-Stage-2] [           main] o.s.j.d.e.EmbeddedDatabaseFactory        : Starting embedded database: url='jdbc:h2:mem:edc3b991-82b8-4991-b6b1-30618ab36f76;DB_CLOSE_DELAY=-1;DB_CLOSE_ON_EXIT=false', username='sa'
2024-07-08T07:07:19.710+01:00  INFO 114288 --- [HNG-Stage-2] [           main] o.hibernate.jpa.internal.util.LogHelper  : HHH000204: Processing PersistenceUnitInfo [name: default]
2024-07-08T07:07:19.739+01:00  INFO 114288 --- [HNG-Stage-2] [           main] o.h.c.internal.RegionFactoryInitiator    : HHH000026: Second-level cache disabled
2024-07-08T07:07:19.749+01:00  INFO 114288 --- [HNG-Stage-2] [           main] o.s.o.j.p.SpringPersistenceUnitInfo      : No LoadTimeWeaver setup: ignoring JPA class transformer
2024-07-08T07:07:20.284+01:00  INFO 114288 --- [HNG-Stage-2] [           main] o.h.e.t.j.p.i.JtaPlatformInitiator       : HHH000489: No JTA platform available (set 'hibernate.transaction.jta.platform' to enable JTA platform integration)
2024-07-08T07:07:20.378+01:00  INFO 114288 --- [HNG-Stage-2] [           main] j.LocalContainerEntityManagerFactoryBean : Initialized JPA EntityManagerFactory for persistence unit 'default'
2024-07-08T07:07:20.593+01:00  WARN 114288 --- [HNG-Stage-2] [           main] JpaBaseConfiguration$JpaWebConfiguration : spring.jpa.open-in-view is enabled by default. Therefore, database queries may be performed during view rendering. Explicitly configure spring.jpa.open-in-view to disable this warning
2024-07-08T07:07:20.631+01:00  INFO 114288 --- [HNG-Stage-2] [           main] eAuthenticationProviderManagerConfigurer : Global AuthenticationManager configured with AuthenticationProvider bean with name authProvider
2024-07-08T07:07:20.632+01:00  WARN 114288 --- [HNG-Stage-2] [           main] r$InitializeUserDetailsManagerConfigurer : Global AuthenticationManager configured with an AuthenticationProvider bean. UserDetailsService beans will not be used for username/password login. Consider removing the AuthenticationProvider bean. Alternatively, consider using the UserDetailsService in a manually instantiated DaoAuthenticationProvider.
2024-07-08T07:07:21.278+01:00  INFO 114288 --- [HNG-Stage-2] [           main] o.s.b.w.embedded.tomcat.TomcatWebServer  : Tomcat started on port 46597 (http) with context path '/'
2024-07-08T07:07:21.309+01:00  INFO 114288 --- [HNG-Stage-2] [           main] t.sgcor.hng.user.UserIntegrationTest     : Started UserIntegrationTest in 3.262 seconds (process running for 63.357)
2024-07-08T07:07:21.997+01:00  INFO 114288 --- [HNG-Stage-2] [o-auto-6-exec-1] o.a.c.c.C.[Tomcat].[localhost].[/]       : Initializing Spring DispatcherServlet 'dispatcherServlet'
2024-07-08T07:07:21.998+01:00  INFO 114288 --- [HNG-Stage-2] [o-auto-6-exec-1] o.s.web.servlet.DispatcherServlet        : Initializing Servlet 'dispatcherServlet'
2024-07-08T07:07:21.999+01:00  INFO 114288 --- [HNG-Stage-2] [o-auto-6-exec-1] o.s.web.servlet.DispatcherServlet        : Completed initialization in 1 ms
2024-07-08T07:07:22.054+01:00  INFO 114288 --- [HNG-Stage-2] [           main] j.LocalContainerEntityManagerFactoryBean : Closing JPA EntityManagerFactory for persistence unit 'default'
]]></system-out>
  </testcase>
</testsuite>