<?xml version="1.0" encoding="UTF-8"?>
<testsuite xmlns:xsi="http://www.w3.org/2001/XMLSchema-instance" xsi:noNamespaceSchemaLocation="https://maven.apache.org/surefire/maven-surefire-plugin/xsd/surefire-test-report-3.0.xsd" version="3.0" name="tech.sgcor.hng.user.UserIntegrationTest" time="63.157" tests="6" errors="0" skipped="0" failures="0">
  <properties>
[...]
</properties>
  <testcase name="shouldGetOwnDetailsById" classname="tech.sgcor.hng.user.UserIntegrationTest" time="3.825">
    <system-out><![CDATA[2024-07-08T16:55:12.901+01:00  INFO 215170 --- [HNG-Stage-2] [           main] t.c.s.AnnotationConfigContextLoaderUtils : Could not detect default configuration classes for test class [tech.sgcor.hng.user.UserIntegrationTest]: UserIntegrationTest does not declare any static, non-private, non-final, nested classes annotated with @Configuration.
2024-07-08T16:55:13.139+01:00  INFO 215170 --- [HNG-Stage-2] [           main] .b.t.c.SpringBootTestContextBootstrapper : Found @SpringBootConfiguration tech.sgcor.hng.HngStage2Application for test class tech.sgcor.hng.user.UserIntegrationTest

  .   ____          _            __ _ _
 /\\ / ___'_ __ _ _(_)_ __  __ _ \ \ \ \
( ( )\___ | '_ | '_| | '_ \/ _` | \ \ \ \
 \\/  ___)| |_)| | | | | || (_| |  ) ) ) )
  '  |____| .__|_| |_|_| |_\__, | / / / /
 =========|_|==============|___/=/_/_/_/

 :: Spring Boot ::                (v3.3.1)

2024-07-08T16:55:13.445+01:00  INFO 215170 --- [HNG-Stage-2] [           main] t.sgcor.hng.user.UserIntegrationTest     : Starting UserIntegrationTest using Java 20.0.2 with PID 215170 (started by seguser in /home/seguser/Lurldgbodex/HNG/web/backend/HNG-Stage-2)
2024-07-08T16:55:13.446+01:00  INFO 215170 --- [HNG-Stage-2] [           main] t.sgcor.hng.user.UserIntegrationTest     : No active profile set, falling back to 1 default profile: "default"
2024-07-08T16:55:16.751+01:00  INFO 215170 --- [HNG-Stage-2] [           main] .s.d.r.c.RepositoryConfigurationDelegate : Bootstrapping Spring Data JPA repositories in DEFAULT mode.
2024-07-08T16:55:16.978+01:00  INFO 215170 --- [HNG-Stage-2] [           main] .s.d.r.c.RepositoryConfigurationDelegate : Finished Spring Data repository scanning in 195 ms. Found 2 JPA repository interfaces.
2024-07-08T16:55:17.384+01:00  INFO 215170 --- [HNG-Stage-2] [           main] beddedDataSourceBeanFactoryPostProcessor : Replacing 'dataSource' DataSource bean with embedded version
2024-07-08T16:55:19.719+01:00  INFO 215170 --- [HNG-Stage-2] [           main] o.s.b.w.embedded.tomcat.TomcatWebServer  : Tomcat initialized with port 0 (http)
2024-07-08T16:55:19.783+01:00  INFO 215170 --- [HNG-Stage-2] [           main] o.apache.catalina.core.StandardService   : Starting service [Tomcat]
2024-07-08T16:55:19.784+01:00  INFO 215170 --- [HNG-Stage-2] [           main] o.apache.catalina.core.StandardEngine    : Starting Servlet engine: [Apache Tomcat/10.1.25]
2024-07-08T16:55:20.035+01:00  INFO 215170 --- [HNG-Stage-2] [           main] o.a.c.c.C.[Tomcat].[localhost].[/]       : Initializing Spring embedded WebApplicationContext
2024-07-08T16:55:20.040+01:00  INFO 215170 --- [HNG-Stage-2] [           main] w.s.c.ServletWebServerApplicationContext : Root WebApplicationContext: initialization completed in 6584 ms
2024-07-08T16:55:20.953+01:00  INFO 215170 --- [HNG-Stage-2] [           main] o.s.j.d.e.EmbeddedDatabaseFactory        : Starting embedded database: url='jdbc:h2:mem:bc32b1a2-59fb-4dc6-815b-9af68ac1fb4a;DB_CLOSE_DELAY=-1;DB_CLOSE_ON_EXIT=false', username='sa'
2024-07-08T16:55:21.287+01:00  INFO 215170 --- [HNG-Stage-2] [           main] o.hibernate.jpa.internal.util.LogHelper  : HHH000204: Processing PersistenceUnitInfo [name: default]
2024-07-08T16:55:21.317+01:00  INFO 215170 --- [HNG-Stage-2] [           main] o.h.c.internal.RegionFactoryInitiator    : HHH000026: Second-level cache disabled
2024-07-08T16:55:21.428+01:00  INFO 215170 --- [HNG-Stage-2] [           main] o.s.o.j.p.SpringPersistenceUnitInfo      : No LoadTimeWeaver setup: ignoring JPA class transformer
2024-07-08T16:55:22.380+01:00  INFO 215170 --- [HNG-Stage-2] [           main] o.h.e.t.j.p.i.JtaPlatformInitiator       : HHH000489: No JTA platform available (set 'hibernate.transaction.jta.platform' to enable JTA platform integration)
2024-07-08T16:55:22.468+01:00  INFO 215170 --- [HNG-Stage-2] [           main] j.LocalContainerEntityManagerFactoryBean : Initialized JPA EntityManagerFactory for persistence unit 'default'
2024-07-08T16:55:24.214+01:00  WARN 215170 --- [HNG-Stage-2] [           main] JpaBaseConfiguration$JpaWebConfiguration : spring.jpa.open-in-view is enabled by default. Therefore, database queries may be performed during view rendering. Explicitly configure spring.jpa.open-in-view to disable this warning
2024-07-08T16:55:24.527+01:00  INFO 215170 --- [HNG-Stage-2] [           main] eAuthenticationProviderManagerConfigurer : Global AuthenticationManager configured with AuthenticationProvider bean with name authProvider
2024-07-08T16:55:24.529+01:00  WARN 215170 --- [HNG-Stage-2] [           main] r$InitializeUserDetailsManagerConfigurer : Global AuthenticationManager configured with an AuthenticationProvider bean. UserDetailsService beans will not be used for username/password login. Consider removing the AuthenticationProvider bean. Alternatively, consider using the UserDetailsService in a manually instantiated DaoAuthenticationProvider.
2024-07-08T16:55:25.836+01:00  INFO 215170 --- [HNG-Stage-2] [           main] o.s.b.a.e.web.EndpointLinksResolver      : Exposing 0 endpoints beneath base path '/actuator'
2024-07-08T16:55:28.854+01:00  INFO 215170 --- [HNG-Stage-2] [           main] o.s.b.w.embedded.tomcat.TomcatWebServer  : Tomcat started on port 38069 (http) with context path '/'
2024-07-08T16:55:28.934+01:00  INFO 215170 --- [HNG-Stage-2] [           main] t.sgcor.hng.user.UserIntegrationTest     : Started UserIntegrationTest in 15.773 seconds (process running for 86.923)
2024-07-08T16:55:31.928+01:00  INFO 215170 --- [HNG-Stage-2] [o-auto-1-exec-1] o.a.c.c.C.[Tomcat].[localhost].[/]       : Initializing Spring DispatcherServlet 'dispatcherServlet'
2024-07-08T16:55:31.929+01:00  INFO 215170 --- [HNG-Stage-2] [o-auto-1-exec-1] o.s.web.servlet.DispatcherServlet        : Initializing Servlet 'dispatcherServlet'
2024-07-08T16:55:31.933+01:00  INFO 215170 --- [HNG-Stage-2] [o-auto-1-exec-1] o.s.web.servlet.DispatcherServlet        : Completed initialization in 3 ms
2024-07-08T16:55:32.834+01:00  INFO 215170 --- [HNG-Stage-2] [           main] j.LocalContainerEntityManagerFactoryBean : Closing JPA EntityManagerFactory for persistence unit 'default'
]]></system-out>
  </testcase>
  <testcase name="shouldNotRegisterUserWhenMissingFields" classname="tech.sgcor.hng.user.UserIntegrationTest" time="2.035">
    <system-out><![CDATA[
  .   ____          _            __ _ _
 /\\ / ___'_ __ _ _(_)_ __  __ _ \ \ \ \
( ( )\___ | '_ | '_| | '_ \/ _` | \ \ \ \
 \\/  ___)| |_)| | | | | || (_| |  ) ) ) )
  '  |____| .__|_| |_|_| |_\__, | / / / /
 =========|_|==============|___/=/_/_/_/

 :: Spring Boot ::                (v3.3.1)

2024-07-08T16:55:32.937+01:00  INFO 215170 --- [HNG-Stage-2] [           main] t.sgcor.hng.user.UserIntegrationTest     : Starting UserIntegrationTest using Java 20.0.2 with PID 215170 (started by seguser in /home/seguser/Lurldgbodex/HNG/web/backend/HNG-Stage-2)
2024-07-08T16:55:32.938+01:00  INFO 215170 --- [HNG-Stage-2] [           main] t.sgcor.hng.user.UserIntegrationTest     : No active profile set, falling back to 1 default profile: "default"
2024-07-08T16:55:34.600+01:00  INFO 215170 --- [HNG-Stage-2] [           main] .s.d.r.c.RepositoryConfigurationDelegate : Bootstrapping Spring Data JPA repositories in DEFAULT mode.
2024-07-08T16:55:34.626+01:00  INFO 215170 --- [HNG-Stage-2] [           main] .s.d.r.c.RepositoryConfigurationDelegate : Finished Spring Data repository scanning in 25 ms. Found 2 JPA repository interfaces.
2024-07-08T16:55:34.764+01:00  INFO 215170 --- [HNG-Stage-2] [           main] beddedDataSourceBeanFactoryPostProcessor : Replacing 'dataSource' DataSource bean with embedded version
2024-07-08T16:55:35.720+01:00  INFO 215170 --- [HNG-Stage-2] [           main] o.s.b.w.embedded.tomcat.TomcatWebServer  : Tomcat initialized with port 0 (http)
2024-07-08T16:55:35.766+01:00  INFO 215170 --- [HNG-Stage-2] [           main] o.apache.catalina.core.StandardService   : Starting service [Tomcat]
2024-07-08T16:55:35.767+01:00  INFO 215170 --- [HNG-Stage-2] [           main] o.apache.catalina.core.StandardEngine    : Starting Servlet engine: [Apache Tomcat/10.1.25]
2024-07-08T16:55:35.906+01:00  INFO 215170 --- [HNG-Stage-2] [           main] o.a.c.c.C.[Tomcat].[localhost].[/]       : Initializing Spring embedded WebApplicationContext
2024-07-08T16:55:35.907+01:00  INFO 215170 --- [HNG-Stage-2] [           main] w.s.c.ServletWebServerApplicationContext : Root WebApplicationContext: initialization completed in 2964 ms
2024-07-08T16:55:36.237+01:00  INFO 215170 --- [HNG-Stage-2] [           main] o.s.j.d.e.EmbeddedDatabaseFactory        : Starting embedded database: url='jdbc:h2:mem:d6d4a214-2a83-4905-a596-2cba102a6d20;DB_CLOSE_DELAY=-1;DB_CLOSE_ON_EXIT=false', username='sa'
2024-07-08T16:55:36.541+01:00  INFO 215170 --- [HNG-Stage-2] [           main] o.hibernate.jpa.internal.util.LogHelper  : HHH000204: Processing PersistenceUnitInfo [name: default]
2024-07-08T16:55:36.587+01:00  INFO 215170 --- [HNG-Stage-2] [           main] o.h.c.internal.RegionFactoryInitiator    : HHH000026: Second-level cache disabled
2024-07-08T16:55:36.611+01:00  INFO 215170 --- [HNG-Stage-2] [           main] o.s.o.j.p.SpringPersistenceUnitInfo      : No LoadTimeWeaver setup: ignoring JPA class transformer
2024-07-08T16:55:37.368+01:00  INFO 215170 --- [HNG-Stage-2] [           main] o.h.e.t.j.p.i.JtaPlatformInitiator       : HHH000489: No JTA platform available (set 'hibernate.transaction.jta.platform' to enable JTA platform integration)
2024-07-08T16:55:37.413+01:00  INFO 215170 --- [HNG-Stage-2] [           main] j.LocalContainerEntityManagerFactoryBean : Initialized JPA EntityManagerFactory for persistence unit 'default'
2024-07-08T16:55:38.353+01:00  WARN 215170 --- [HNG-Stage-2] [           main] JpaBaseConfiguration$JpaWebConfiguration : spring.jpa.open-in-view is enabled by default. Therefore, database queries may be performed during view rendering. Explicitly configure spring.jpa.open-in-view to disable this warning
2024-07-08T16:55:38.585+01:00  INFO 215170 --- [HNG-Stage-2] [           main] eAuthenticationProviderManagerConfigurer : Global AuthenticationManager configured with AuthenticationProvider bean with name authProvider
2024-07-08T16:55:38.586+01:00  WARN 215170 --- [HNG-Stage-2] [           main] r$InitializeUserDetailsManagerConfigurer : Global AuthenticationManager configured with an AuthenticationProvider bean. UserDetailsService beans will not be used for username/password login. Consider removing the AuthenticationProvider bean. Alternatively, consider using the UserDetailsService in a manually instantiated DaoAuthenticationProvider.
2024-07-08T16:55:39.440+01:00  INFO 215170 --- [HNG-Stage-2] [           main] o.s.b.a.e.web.EndpointLinksResolver      : Exposing 0 endpoints beneath base path '/actuator'
2024-07-08T16:55:41.179+01:00  INFO 215170 --- [HNG-Stage-2] [           main] o.s.b.w.embedded.tomcat.TomcatWebServer  : Tomcat started on port 37053 (http) with context path '/'
2024-07-08T16:55:41.200+01:00  INFO 215170 --- [HNG-Stage-2] [           main] t.sgcor.hng.user.UserIntegrationTest     : Started UserIntegrationTest in 8.346 seconds (process running for 99.189)
2024-07-08T16:55:42.625+01:00  INFO 215170 --- [HNG-Stage-2] [o-auto-2-exec-1] o.a.c.c.C.[Tomcat].[localhost].[/]       : Initializing Spring DispatcherServlet 'dispatcherServlet'
2024-07-08T16:55:42.626+01:00  INFO 215170 --- [HNG-Stage-2] [o-auto-2-exec-1] o.s.web.servlet.DispatcherServlet        : Initializing Servlet 'dispatcherServlet'
2024-07-08T16:55:42.628+01:00  INFO 215170 --- [HNG-Stage-2] [o-auto-2-exec-1] o.s.web.servlet.DispatcherServlet        : Completed initialization in 2 ms
2024-07-08T16:55:43.200+01:00  INFO 215170 --- [HNG-Stage-2] [           main] j.LocalContainerEntityManagerFactoryBean : Closing JPA EntityManagerFactory for persistence unit 'default'
]]></system-out>
  </testcase>
  <testcase name="shouldNotRegisterWhenUserWithEmailExist" classname="tech.sgcor.hng.user.UserIntegrationTest" time="1.183">
    <system-out><![CDATA[
  .   ____          _            __ _ _
 /\\ / ___'_ __ _ _(_)_ __  __ _ \ \ \ \
( ( )\___ | '_ | '_| | '_ \/ _` | \ \ \ \
 \\/  ___)| |_)| | | | | || (_| |  ) ) ) )
  '  |____| .__|_| |_|_| |_\__, | / / / /
 =========|_|==============|___/=/_/_/_/

 :: Spring Boot ::                (v3.3.1)

2024-07-08T16:55:43.385+01:00  INFO 215170 --- [HNG-Stage-2] [           main] t.sgcor.hng.user.UserIntegrationTest     : Starting UserIntegrationTest using Java 20.0.2 with PID 215170 (started by seguser in /home/seguser/Lurldgbodex/HNG/web/backend/HNG-Stage-2)
2024-07-08T16:55:43.386+01:00  INFO 215170 --- [HNG-Stage-2] [           main] t.sgcor.hng.user.UserIntegrationTest     : No active profile set, falling back to 1 default profile: "default"
2024-07-08T16:55:45.200+01:00  INFO 215170 --- [HNG-Stage-2] [           main] .s.d.r.c.RepositoryConfigurationDelegate : Bootstrapping Spring Data JPA repositories in DEFAULT mode.
2024-07-08T16:55:45.261+01:00  INFO 215170 --- [HNG-Stage-2] [           main] .s.d.r.c.RepositoryConfigurationDelegate : Finished Spring Data repository scanning in 59 ms. Found 2 JPA repository interfaces.
2024-07-08T16:55:45.643+01:00  INFO 215170 --- [HNG-Stage-2] [           main] beddedDataSourceBeanFactoryPostProcessor : Replacing 'dataSource' DataSource bean with embedded version
2024-07-08T16:55:46.151+01:00  INFO 215170 --- [HNG-Stage-2] [           main] o.s.b.w.embedded.tomcat.TomcatWebServer  : Tomcat initialized with port 0 (http)
2024-07-08T16:55:46.153+01:00  INFO 215170 --- [HNG-Stage-2] [           main] o.apache.catalina.core.StandardService   : Starting service [Tomcat]
2024-07-08T16:55:46.153+01:00  INFO 215170 --- [HNG-Stage-2] [           main] o.apache.catalina.core.StandardEngine    : Starting Servlet engine: [Apache Tomcat/10.1.25]
2024-07-08T16:55:46.253+01:00  INFO 215170 --- [HNG-Stage-2] [           main] o.a.c.c.C.[Tomcat].[localhost].[/]       : Initializing Spring embedded WebApplicationContext
2024-07-08T16:55:46.278+01:00  INFO 215170 --- [HNG-Stage-2] [           main] w.s.c.ServletWebServerApplicationContext : Root WebApplicationContext: initialization completed in 2861 ms
2024-07-08T16:55:46.686+01:00  INFO 215170 --- [HNG-Stage-2] [           main] o.s.j.d.e.EmbeddedDatabaseFactory        : Starting embedded database: url='jdbc:h2:mem:e7a3d08f-7665-477c-be5f-502aeb762da4;DB_CLOSE_DELAY=-1;DB_CLOSE_ON_EXIT=false', username='sa'
2024-07-08T16:55:46.857+01:00  INFO 215170 --- [HNG-Stage-2] [           main] o.hibernate.jpa.internal.util.LogHelper  : HHH000204: Processing PersistenceUnitInfo [name: default]
2024-07-08T16:55:46.862+01:00  INFO 215170 --- [HNG-Stage-2] [           main] o.h.c.internal.RegionFactoryInitiator    : HHH000026: Second-level cache disabled
2024-07-08T16:55:46.884+01:00  INFO 215170 --- [HNG-Stage-2] [           main] o.s.o.j.p.SpringPersistenceUnitInfo      : No LoadTimeWeaver setup: ignoring JPA class transformer
2024-07-08T16:55:47.434+01:00  INFO 215170 --- [HNG-Stage-2] [           main] o.h.e.t.j.p.i.JtaPlatformInitiator       : HHH000489: No JTA platform available (set 'hibernate.transaction.jta.platform' to enable JTA platform integration)
2024-07-08T16:55:47.496+01:00  INFO 215170 --- [HNG-Stage-2] [           main] j.LocalContainerEntityManagerFactoryBean : Initialized JPA EntityManagerFactory for persistence unit 'default'
2024-07-08T16:55:48.103+01:00  WARN 215170 --- [HNG-Stage-2] [           main] JpaBaseConfiguration$JpaWebConfiguration : spring.jpa.open-in-view is enabled by default. Therefore, database queries may be performed during view rendering. Explicitly configure spring.jpa.open-in-view to disable this warning
2024-07-08T16:55:48.184+01:00  INFO 215170 --- [HNG-Stage-2] [           main] eAuthenticationProviderManagerConfigurer : Global AuthenticationManager configured with AuthenticationProvider bean with name authProvider
2024-07-08T16:55:48.184+01:00  WARN 215170 --- [HNG-Stage-2] [           main] r$InitializeUserDetailsManagerConfigurer : Global AuthenticationManager configured with an AuthenticationProvider bean. UserDetailsService beans will not be used for username/password login. Consider removing the AuthenticationProvider bean. Alternatively, consider using the UserDetailsService in a manually instantiated DaoAuthenticationProvider.
2024-07-08T16:55:48.966+01:00  INFO 215170 --- [HNG-Stage-2] [           main] o.s.b.a.e.web.EndpointLinksResolver      : Exposing 0 endpoints beneath base path '/actuator'
2024-07-08T16:55:50.601+01:00  INFO 215170 --- [HNG-Stage-2] [           main] o.s.b.w.embedded.tomcat.TomcatWebServer  : Tomcat started on port 44655 (http) with context path '/'
2024-07-08T16:55:50.658+01:00  INFO 215170 --- [HNG-Stage-2] [           main] t.sgcor.hng.user.UserIntegrationTest     : Started UserIntegrationTest in 7.385 seconds (process running for 108.648)
2024-07-08T16:55:51.585+01:00  INFO 215170 --- [HNG-Stage-2] [o-auto-3-exec-1] o.a.c.c.C.[Tomcat].[localhost].[/]       : Initializing Spring DispatcherServlet 'dispatcherServlet'
2024-07-08T16:55:51.585+01:00  INFO 215170 --- [HNG-Stage-2] [o-auto-3-exec-1] o.s.web.servlet.DispatcherServlet        : Initializing Servlet 'dispatcherServlet'
2024-07-08T16:55:51.588+01:00  INFO 215170 --- [HNG-Stage-2] [o-auto-3-exec-1] o.s.web.servlet.DispatcherServlet        : Completed initialization in 2 ms
2024-07-08T16:55:51.822+01:00  INFO 215170 --- [HNG-Stage-2] [           main] j.LocalContainerEntityManagerFactoryBean : Closing JPA EntityManagerFactory for persistence unit 'default'
]]></system-out>
  </testcase>
  <testcase name="ShouldRegisterUserTest" classname="tech.sgcor.hng.user.UserIntegrationTest" time="1.146">
    <system-out><![CDATA[
  .   ____          _            __ _ _
 /\\ / ___'_ __ _ _(_)_ __  __ _ \ \ \ \
( ( )\___ | '_ | '_| | '_ \/ _` | \ \ \ \
 \\/  ___)| |_)| | | | | || (_| |  ) ) ) )
  '  |____| .__|_| |_|_| |_\__, | / / / /
 =========|_|==============|___/=/_/_/_/

 :: Spring Boot ::                (v3.3.1)

2024-07-08T16:55:51.996+01:00  INFO 215170 --- [HNG-Stage-2] [           main] t.sgcor.hng.user.UserIntegrationTest     : Starting UserIntegrationTest using Java 20.0.2 with PID 215170 (started by seguser in /home/seguser/Lurldgbodex/HNG/web/backend/HNG-Stage-2)
2024-07-08T16:55:51.997+01:00  INFO 215170 --- [HNG-Stage-2] [           main] t.sgcor.hng.user.UserIntegrationTest     : No active profile set, falling back to 1 default profile: "default"
2024-07-08T16:55:53.427+01:00  INFO 215170 --- [HNG-Stage-2] [           main] .s.d.r.c.RepositoryConfigurationDelegate : Bootstrapping Spring Data JPA repositories in DEFAULT mode.
2024-07-08T16:55:53.521+01:00  INFO 215170 --- [HNG-Stage-2] [           main] .s.d.r.c.RepositoryConfigurationDelegate : Finished Spring Data repository scanning in 91 ms. Found 2 JPA repository interfaces.
2024-07-08T16:55:53.650+01:00  INFO 215170 --- [HNG-Stage-2] [           main] beddedDataSourceBeanFactoryPostProcessor : Replacing 'dataSource' DataSource bean with embedded version
2024-07-08T16:55:54.189+01:00  INFO 215170 --- [HNG-Stage-2] [           main] o.s.b.w.embedded.tomcat.TomcatWebServer  : Tomcat initialized with port 0 (http)
2024-07-08T16:55:54.191+01:00  INFO 215170 --- [HNG-Stage-2] [           main] o.apache.catalina.core.StandardService   : Starting service [Tomcat]
2024-07-08T16:55:54.191+01:00  INFO 215170 --- [HNG-Stage-2] [           main] o.apache.catalina.core.StandardEngine    : Starting Servlet engine: [Apache Tomcat/10.1.25]
2024-07-08T16:55:54.220+01:00  INFO 215170 --- [HNG-Stage-2] [           main] o.a.c.c.C.[Tomcat].[localhost].[/]       : Initializing Spring embedded WebApplicationContext
2024-07-08T16:55:54.220+01:00  INFO 215170 --- [HNG-Stage-2] [           main] w.s.c.ServletWebServerApplicationContext : Root WebApplicationContext: initialization completed in 2217 ms
2024-07-08T16:55:54.654+01:00  INFO 215170 --- [HNG-Stage-2] [           main] o.s.j.d.e.EmbeddedDatabaseFactory        : Starting embedded database: url='jdbc:h2:mem:e4c9709d-e30c-4dc6-8afb-ad06d23a9186;DB_CLOSE_DELAY=-1;DB_CLOSE_ON_EXIT=false', username='sa'
2024-07-08T16:55:55.004+01:00  INFO 215170 --- [HNG-Stage-2] [           main] o.hibernate.jpa.internal.util.LogHelper  : HHH000204: Processing PersistenceUnitInfo [name: default]
2024-07-08T16:55:55.010+01:00  INFO 215170 --- [HNG-Stage-2] [           main] o.h.c.internal.RegionFactoryInitiator    : HHH000026: Second-level cache disabled
2024-07-08T16:55:55.055+01:00  INFO 215170 --- [HNG-Stage-2] [           main] o.s.o.j.p.SpringPersistenceUnitInfo      : No LoadTimeWeaver setup: ignoring JPA class transformer
2024-07-08T16:55:56.674+01:00  INFO 215170 --- [HNG-Stage-2] [           main] o.h.e.t.j.p.i.JtaPlatformInitiator       : HHH000489: No JTA platform available (set 'hibernate.transaction.jta.platform' to enable JTA platform integration)
2024-07-08T16:55:56.860+01:00  INFO 215170 --- [HNG-Stage-2] [           main] j.LocalContainerEntityManagerFactoryBean : Initialized JPA EntityManagerFactory for persistence unit 'default'
2024-07-08T16:55:58.312+01:00  WARN 215170 --- [HNG-Stage-2] [           main] JpaBaseConfiguration$JpaWebConfiguration : spring.jpa.open-in-view is enabled by default. Therefore, database queries may be performed during view rendering. Explicitly configure spring.jpa.open-in-view to disable this warning
2024-07-08T16:55:58.478+01:00  INFO 215170 --- [HNG-Stage-2] [           main] eAuthenticationProviderManagerConfigurer : Global AuthenticationManager configured with AuthenticationProvider bean with name authProvider
2024-07-08T16:55:58.478+01:00  WARN 215170 --- [HNG-Stage-2] [           main] r$InitializeUserDetailsManagerConfigurer : Global AuthenticationManager configured with an AuthenticationProvider bean. UserDetailsService beans will not be used for username/password login. Consider removing the AuthenticationProvider bean. Alternatively, consider using the UserDetailsService in a manually instantiated DaoAuthenticationProvider.
2024-07-08T16:55:59.432+01:00  INFO 215170 --- [HNG-Stage-2] [           main] o.s.b.a.e.web.EndpointLinksResolver      : Exposing 0 endpoints beneath base path '/actuator'
2024-07-08T16:56:00.498+01:00  INFO 215170 --- [HNG-Stage-2] [           main] o.s.b.w.embedded.tomcat.TomcatWebServer  : Tomcat started on port 44521 (http) with context path '/'
2024-07-08T16:56:00.518+01:00  INFO 215170 --- [HNG-Stage-2] [           main] t.sgcor.hng.user.UserIntegrationTest     : Started UserIntegrationTest in 8.636 seconds (process running for 118.507)
2024-07-08T16:56:01.169+01:00  INFO 215170 --- [HNG-Stage-2] [o-auto-4-exec-1] o.a.c.c.C.[Tomcat].[localhost].[/]       : Initializing Spring DispatcherServlet 'dispatcherServlet'
2024-07-08T16:56:01.170+01:00  INFO 215170 --- [HNG-Stage-2] [o-auto-4-exec-1] o.s.web.servlet.DispatcherServlet        : Initializing Servlet 'dispatcherServlet'
2024-07-08T16:56:01.172+01:00  INFO 215170 --- [HNG-Stage-2] [o-auto-4-exec-1] o.s.web.servlet.DispatcherServlet        : Completed initialization in 2 ms
2024-07-08T16:56:01.482+01:00  INFO 215170 --- [HNG-Stage-2] [o-auto-4-exec-1] t.sgcor.hng.user.service.AuthService     : New User Id: 2
2024-07-08T16:56:01.671+01:00  INFO 215170 --- [HNG-Stage-2] [           main] j.LocalContainerEntityManagerFactoryBean : Closing JPA EntityManagerFactory for persistence unit 'default'
]]></system-out>
  </testcase>
  <testcase name="shouldAuthenticateUserTest" classname="tech.sgcor.hng.user.UserIntegrationTest" time="1.211">
    <system-out><![CDATA[
  .   ____          _            __ _ _
 /\\ / ___'_ __ _ _(_)_ __  __ _ \ \ \ \
( ( )\___ | '_ | '_| | '_ \/ _` | \ \ \ \
 \\/  ___)| |_)| | | | | || (_| |  ) ) ) )
  '  |____| .__|_| |_|_| |_\__, | / / / /
 =========|_|==============|___/=/_/_/_/

 :: Spring Boot ::                (v3.3.1)

2024-07-08T16:56:01.727+01:00  INFO 215170 --- [HNG-Stage-2] [           main] t.sgcor.hng.user.UserIntegrationTest     : Starting UserIntegrationTest using Java 20.0.2 with PID 215170 (started by seguser in /home/seguser/Lurldgbodex/HNG/web/backend/HNG-Stage-2)
2024-07-08T16:56:01.728+01:00  INFO 215170 --- [HNG-Stage-2] [           main] t.sgcor.hng.user.UserIntegrationTest     : No active profile set, falling back to 1 default profile: "default"
2024-07-08T16:56:02.986+01:00  INFO 215170 --- [HNG-Stage-2] [           main] .s.d.r.c.RepositoryConfigurationDelegate : Bootstrapping Spring Data JPA repositories in DEFAULT mode.
2024-07-08T16:56:03.014+01:00  INFO 215170 --- [HNG-Stage-2] [           main] .s.d.r.c.RepositoryConfigurationDelegate : Finished Spring Data repository scanning in 26 ms. Found 2 JPA repository interfaces.
2024-07-08T16:56:03.103+01:00  INFO 215170 --- [HNG-Stage-2] [           main] beddedDataSourceBeanFactoryPostProcessor : Replacing 'dataSource' DataSource bean with embedded version
2024-07-08T16:56:03.461+01:00  INFO 215170 --- [HNG-Stage-2] [           main] o.s.b.w.embedded.tomcat.TomcatWebServer  : Tomcat initialized with port 0 (http)
2024-07-08T16:56:03.462+01:00  INFO 215170 --- [HNG-Stage-2] [           main] o.apache.catalina.core.StandardService   : Starting service [Tomcat]
2024-07-08T16:56:03.463+01:00  INFO 215170 --- [HNG-Stage-2] [           main] o.apache.catalina.core.StandardEngine    : Starting Servlet engine: [Apache Tomcat/10.1.25]
2024-07-08T16:56:03.501+01:00  INFO 215170 --- [HNG-Stage-2] [           main] o.a.c.c.C.[Tomcat].[localhost].[/]       : Initializing Spring embedded WebApplicationContext
2024-07-08T16:56:03.501+01:00  INFO 215170 --- [HNG-Stage-2] [           main] w.s.c.ServletWebServerApplicationContext : Root WebApplicationContext: initialization completed in 1770 ms
2024-07-08T16:56:03.792+01:00  INFO 215170 --- [HNG-Stage-2] [           main] o.s.j.d.e.EmbeddedDatabaseFactory        : Starting embedded database: url='jdbc:h2:mem:875c294d-3e86-4cfb-b8a4-69874a8b8da8;DB_CLOSE_DELAY=-1;DB_CLOSE_ON_EXIT=false', username='sa'
2024-07-08T16:56:03.973+01:00  INFO 215170 --- [HNG-Stage-2] [           main] o.hibernate.jpa.internal.util.LogHelper  : HHH000204: Processing PersistenceUnitInfo [name: default]
2024-07-08T16:56:03.979+01:00  INFO 215170 --- [HNG-Stage-2] [           main] o.h.c.internal.RegionFactoryInitiator    : HHH000026: Second-level cache disabled
2024-07-08T16:56:04.030+01:00  INFO 215170 --- [HNG-Stage-2] [           main] o.s.o.j.p.SpringPersistenceUnitInfo      : No LoadTimeWeaver setup: ignoring JPA class transformer
2024-07-08T16:56:04.343+01:00  INFO 215170 --- [HNG-Stage-2] [           main] o.h.e.t.j.p.i.JtaPlatformInitiator       : HHH000489: No JTA platform available (set 'hibernate.transaction.jta.platform' to enable JTA platform integration)
2024-07-08T16:56:04.360+01:00  INFO 215170 --- [HNG-Stage-2] [           main] j.LocalContainerEntityManagerFactoryBean : Initialized JPA EntityManagerFactory for persistence unit 'default'
2024-07-08T16:56:04.885+01:00  WARN 215170 --- [HNG-Stage-2] [           main] JpaBaseConfiguration$JpaWebConfiguration : spring.jpa.open-in-view is enabled by default. Therefore, database queries may be performed during view rendering. Explicitly configure spring.jpa.open-in-view to disable this warning
2024-07-08T16:56:04.953+01:00  INFO 215170 --- [HNG-Stage-2] [           main] eAuthenticationProviderManagerConfigurer : Global AuthenticationManager configured with AuthenticationProvider bean with name authProvider
2024-07-08T16:56:04.978+01:00  WARN 215170 --- [HNG-Stage-2] [           main] r$InitializeUserDetailsManagerConfigurer : Global AuthenticationManager configured with an AuthenticationProvider bean. UserDetailsService beans will not be used for username/password login. Consider removing the AuthenticationProvider bean. Alternatively, consider using the UserDetailsService in a manually instantiated DaoAuthenticationProvider.
2024-07-08T16:56:05.601+01:00  INFO 215170 --- [HNG-Stage-2] [           main] o.s.b.a.e.web.EndpointLinksResolver      : Exposing 0 endpoints beneath base path '/actuator'
2024-07-08T16:56:07.179+01:00  INFO 215170 --- [HNG-Stage-2] [           main] o.s.b.w.embedded.tomcat.TomcatWebServer  : Tomcat started on port 44113 (http) with context path '/'
2024-07-08T16:56:07.195+01:00  INFO 215170 --- [HNG-Stage-2] [           main] t.sgcor.hng.user.UserIntegrationTest     : Started UserIntegrationTest in 5.512 seconds (process running for 125.184)
2024-07-08T16:56:08.035+01:00  INFO 215170 --- [HNG-Stage-2] [o-auto-5-exec-1] o.a.c.c.C.[Tomcat].[localhost].[/]       : Initializing Spring DispatcherServlet 'dispatcherServlet'
2024-07-08T16:56:08.036+01:00  INFO 215170 --- [HNG-Stage-2] [o-auto-5-exec-1] o.s.web.servlet.DispatcherServlet        : Initializing Servlet 'dispatcherServlet'
2024-07-08T16:56:08.038+01:00  INFO 215170 --- [HNG-Stage-2] [o-auto-5-exec-1] o.s.web.servlet.DispatcherServlet        : Completed initialization in 2 ms
2024-07-08T16:56:08.415+01:00  INFO 215170 --- [HNG-Stage-2] [           main] j.LocalContainerEntityManagerFactoryBean : Closing JPA EntityManagerFactory for persistence unit 'default'
]]></system-out>
  </testcase>
  <testcase name="shouldNotAuthenticateWhenMissingField" classname="tech.sgcor.hng.user.UserIntegrationTest" time="1.134">
    <system-out><![CDATA[
  .   ____          _            __ _ _
 /\\ / ___'_ __ _ _(_)_ __  __ _ \ \ \ \
( ( )\___ | '_ | '_| | '_ \/ _` | \ \ \ \
 \\/  ___)| |_)| | | | | || (_| |  ) ) ) )
  '  |____| .__|_| |_|_| |_\__, | / / / /
 =========|_|==============|___/=/_/_/_/

 :: Spring Boot ::                (v3.3.1)

2024-07-08T16:56:08.510+01:00  INFO 215170 --- [HNG-Stage-2] [           main] t.sgcor.hng.user.UserIntegrationTest     : Starting UserIntegrationTest using Java 20.0.2 with PID 215170 (started by seguser in /home/seguser/Lurldgbodex/HNG/web/backend/HNG-Stage-2)
2024-07-08T16:56:08.511+01:00  INFO 215170 --- [HNG-Stage-2] [           main] t.sgcor.hng.user.UserIntegrationTest     : No active profile set, falling back to 1 default profile: "default"
2024-07-08T16:56:09.857+01:00  INFO 215170 --- [HNG-Stage-2] [           main] .s.d.r.c.RepositoryConfigurationDelegate : Bootstrapping Spring Data JPA repositories in DEFAULT mode.
2024-07-08T16:56:09.957+01:00  INFO 215170 --- [HNG-Stage-2] [           main] .s.d.r.c.RepositoryConfigurationDelegate : Finished Spring Data repository scanning in 99 ms. Found 2 JPA repository interfaces.
2024-07-08T16:56:10.270+01:00  INFO 215170 --- [HNG-Stage-2] [           main] beddedDataSourceBeanFactoryPostProcessor : Replacing 'dataSource' DataSource bean with embedded version
2024-07-08T16:56:10.835+01:00  INFO 215170 --- [HNG-Stage-2] [           main] o.s.b.w.embedded.tomcat.TomcatWebServer  : Tomcat initialized with port 0 (http)
2024-07-08T16:56:10.838+01:00  INFO 215170 --- [HNG-Stage-2] [           main] o.apache.catalina.core.StandardService   : Starting service [Tomcat]
2024-07-08T16:56:10.839+01:00  INFO 215170 --- [HNG-Stage-2] [           main] o.apache.catalina.core.StandardEngine    : Starting Servlet engine: [Apache Tomcat/10.1.25]
2024-07-08T16:56:10.904+01:00  INFO 215170 --- [HNG-Stage-2] [           main] o.a.c.c.C.[Tomcat].[localhost].[/]       : Initializing Spring embedded WebApplicationContext
2024-07-08T16:56:10.905+01:00  INFO 215170 --- [HNG-Stage-2] [           main] w.s.c.ServletWebServerApplicationContext : Root WebApplicationContext: initialization completed in 2389 ms
2024-07-08T16:56:11.284+01:00  INFO 215170 --- [HNG-Stage-2] [           main] o.s.j.d.e.EmbeddedDatabaseFactory        : Starting embedded database: url='jdbc:h2:mem:cee93052-bb7c-4d07-8ac4-6e7da1d70f49;DB_CLOSE_DELAY=-1;DB_CLOSE_ON_EXIT=false', username='sa'
2024-07-08T16:56:11.461+01:00  INFO 215170 --- [HNG-Stage-2] [           main] o.hibernate.jpa.internal.util.LogHelper  : HHH000204: Processing PersistenceUnitInfo [name: default]
2024-07-08T16:56:11.525+01:00  INFO 215170 --- [HNG-Stage-2] [           main] o.h.c.internal.RegionFactoryInitiator    : HHH000026: Second-level cache disabled
2024-07-08T16:56:11.603+01:00  INFO 215170 --- [HNG-Stage-2] [           main] o.s.o.j.p.SpringPersistenceUnitInfo      : No LoadTimeWeaver setup: ignoring JPA class transformer
2024-07-08T16:56:12.181+01:00  INFO 215170 --- [HNG-Stage-2] [           main] o.h.e.t.j.p.i.JtaPlatformInitiator       : HHH000489: No JTA platform available (set 'hibernate.transaction.jta.platform' to enable JTA platform integration)
2024-07-08T16:56:12.198+01:00  INFO 215170 --- [HNG-Stage-2] [           main] j.LocalContainerEntityManagerFactoryBean : Initialized JPA EntityManagerFactory for persistence unit 'default'
2024-07-08T16:56:12.698+01:00  WARN 215170 --- [HNG-Stage-2] [           main] JpaBaseConfiguration$JpaWebConfiguration : spring.jpa.open-in-view is enabled by default. Therefore, database queries may be performed during view rendering. Explicitly configure spring.jpa.open-in-view to disable this warning
2024-07-08T16:56:12.762+01:00  INFO 215170 --- [HNG-Stage-2] [           main] eAuthenticationProviderManagerConfigurer : Global AuthenticationManager configured with AuthenticationProvider bean with name authProvider
2024-07-08T16:56:12.763+01:00  WARN 215170 --- [HNG-Stage-2] [           main] r$InitializeUserDetailsManagerConfigurer : Global AuthenticationManager configured with an AuthenticationProvider bean. UserDetailsService beans will not be used for username/password login. Consider removing the AuthenticationProvider bean. Alternatively, consider using the UserDetailsService in a manually instantiated DaoAuthenticationProvider.
2024-07-08T16:56:13.605+01:00  INFO 215170 --- [HNG-Stage-2] [           main] o.s.b.a.e.web.EndpointLinksResolver      : Exposing 0 endpoints beneath base path '/actuator'
2024-07-08T16:56:14.755+01:00  INFO 215170 --- [HNG-Stage-2] [           main] o.s.b.w.embedded.tomcat.TomcatWebServer  : Tomcat started on port 44609 (http) with context path '/'
2024-07-08T16:56:14.803+01:00  INFO 215170 --- [HNG-Stage-2] [           main] t.sgcor.hng.user.UserIntegrationTest     : Started UserIntegrationTest in 6.378 seconds (process running for 132.793)
2024-07-08T16:56:15.681+01:00  INFO 215170 --- [HNG-Stage-2] [o-auto-6-exec-1] o.a.c.c.C.[Tomcat].[localhost].[/]       : Initializing Spring DispatcherServlet 'dispatcherServlet'
2024-07-08T16:56:15.682+01:00  INFO 215170 --- [HNG-Stage-2] [o-auto-6-exec-1] o.s.web.servlet.DispatcherServlet        : Initializing Servlet 'dispatcherServlet'
2024-07-08T16:56:15.684+01:00  INFO 215170 --- [HNG-Stage-2] [o-auto-6-exec-1] o.s.web.servlet.DispatcherServlet        : Completed initialization in 2 ms
2024-07-08T16:56:15.922+01:00  INFO 215170 --- [HNG-Stage-2] [           main] j.LocalContainerEntityManagerFactoryBean : Closing JPA EntityManagerFactory for persistence unit 'default'
]]></system-out>
  </testcase>
</testsuite>